Base path: D:/Program Files (x86)/Unity/Editor/Data
Pipe name: \\.\pipe\UnityShaderCompiler-32bit-1-12160
Cmd: getPlatforms
Cmd: preprocess
  insize=447 outsize=447 ok=1
Cmd: preprocess
  insize=660 outsize=660 ok=1
Cmd: preprocess
  insize=964 outsize=964 ok=1
Cmd: preprocess
  insize=1048 outsize=1039 ok=1
Cmd: compileSnippet
  api=4 type=0 insize=6892 outsize=3281 kw=DIRECTIONAL SHADOWS_OFF LIGHTMAP_OFF DIRLIGHTMAP_OFF DYNAMICLIGHTMAP_OFF pd= ok=1
Cmd: compileSnippet
  api=4 type=1 insize=6892 outsize=1469 kw=DIRECTIONAL SHADOWS_OFF LIGHTMAP_OFF DIRLIGHTMAP_OFF DYNAMICLIGHTMAP_OFF pd= ok=1
Cmd: compileSnippet
  api=4 type=0 insize=3944 outsize=2753 kw=POINT pd= ok=1
Cmd: compileSnippet
  api=4 type=1 insize=3944 outsize=2151 kw=POINT pd= ok=1
Cmd: compileSnippet
  api=4 type=0 insize=3411 outsize=2103 kw= pd= ok=1
Cmd: compileSnippet
  api=4 type=1 insize=3411 outsize=1266 kw= pd= ok=1
Cmd: preprocess
  insize=931 outsize=375 ok=1
Cmd: compileSnippet
  api=4 type=0 insize=855 outsize=1258 kw=LEAP_FORMAT_IR pd= ok=1
Cmd: compileSnippet
  api=4 type=1 insize=855 outsize=1843 kw=LEAP_FORMAT_IR pd= ok=1
Cmd: preprocess
  insize=516 outsize=516 ok=1
Cmd: preprocess
  insize=2410 outsize=1760 ok=1
Cmd: compileSnippet
  api=4 type=0 insize=952 outsize=1290 kw= pd= ok=1
Cmd: compileSnippet
  api=4 type=1 insize=952 outsize=827 kw= pd= ok=1
Cmd: preprocess
  insize=892 outsize=259 ok=1
Cmd: compileSnippet
  api=4 type=0 insize=933 outsize=1152 kw= pd= ok=1
Cmd: compileSnippet
  api=4 type=1 insize=933 outsize=754 kw= pd= ok=1
Cmd: preprocess
  insize=3996 outsize=1162 ok=1
Cmd: compileSnippet
  api=4 type=0 insize=3144 outsize=1851 kw=LEAP_FORMAT_IR pd= ok=1
Cmd: compileSnippet
  api=4 type=1 insize=3144 outsize=1729 kw=LEAP_FORMAT_IR pd= ok=1
Cmd: compileSnippet
  api=4 type=0 insize=3139 outsize=1851 kw=LEAP_FORMAT_IR pd= ok=1
Cmd: compileSnippet
  api=4 type=1 insize=3139 outsize=2891 kw=LEAP_FORMAT_IR pd= ok=1
Cmd: preprocess
  insize=1264 outsize=519 ok=1
Cmd: compileSnippet
  api=4 type=0 insize=1044 outsize=1258 kw=LEAP_FORMAT_IR pd= ok=1
Cmd: compileSnippet
  api=4 type=1 insize=1044 outsize=2298 kw=LEAP_FORMAT_IR pd= ok=1
Cmd: preprocess
  insize=1576 outsize=990 ok=1
Cmd: compileSnippet
  api=4 type=0 insize=867 outsize=1615 kw= pd= ok=1
Cmd: compileSnippet
  api=4 type=1 insize=867 outsize=518 kw= pd= ok=1
Cmd: preprocess
  insize=912 outsize=356 ok=1
Cmd: preprocess
  insize=1445 outsize=1442 ok=1
Cmd: preprocess
  insize=815 outsize=355 ok=1
Cmd: compileSnippet
  api=4 type=0 insize=759 outsize=1152 kw= pd= ok=1
Cmd: compileSnippet
  api=4 type=1 insize=759 outsize=729 kw= pd= ok=1
Cmd: preprocess
  insize=555 outsize=555 ok=1
Cmd: preprocess
  insize=890 outsize=890 ok=1
Cmd: preprocess
  insize=1500 outsize=667 ok=1
Cmd: compileSnippet
  api=4 type=0 insize=1135 outsize=1477 kw= pd= ok=1
Cmd: compileSnippet
  api=4 type=1 insize=1135 outsize=1087 kw= pd= ok=1
Cmd: preprocess
  insize=792 outsize=789 ok=1
Cmd: compileSnippet
  api=4 type=0 insize=751 outsize=3533 kw=SHADOWS_DEPTH pd= ok=1
Cmd: compileSnippet
  api=4 type=1 insize=751 outsize=380 kw=SHADOWS_DEPTH pd= ok=1
Cmd: compileSnippet
  api=4 type=0 insize=982 outsize=4337 kw=DIRECTIONAL SHADOWS_SCREEN LIGHTMAP_OFF DIRLIGHTMAP_OFF DYNAMICLIGHTMAP_OFF pd= ok=1
Cmd: compileSnippet
  api=4 type=1 insize=982 outsize=10926 kw=DIRECTIONAL SHADOWS_SCREEN LIGHTMAP_OFF DIRLIGHTMAP_OFF DYNAMICLIGHTMAP_OFF pd= ok=1
Cmd: compileSnippet
  api=4 type=0 insize=990 outsize=1087 kw= pd= ok=1
Cmd: compileSnippet
  api=4 type=1 insize=990 outsize=713 kw= pd= ok=1
Cmd: compileSnippet
  api=4 type=0 insize=541 outsize=3533 kw=SHADOWS_DEPTH pd= ok=1
Cmd: compileSnippet
  api=4 type=1 insize=541 outsize=453 kw=SHADOWS_DEPTH pd= ok=1
Cmd: compileSnippet
  api=4 type=0 insize=1444 outsize=1217 kw= pd= ok=1
Cmd: compileSnippet
  api=4 type=1 insize=1444 outsize=673 kw= pd= ok=1
Cmd: compileSnippet
  api=4 type=0 insize=982 outsize=3979 kw=DIRECTIONAL SHADOWS_OFF LIGHTMAP_OFF DIRLIGHTMAP_OFF DYNAMICLIGHTMAP_OFF pd= ok=1
Cmd: compileSnippet
  api=4 type=1 insize=982 outsize=10618 kw=DIRECTIONAL SHADOWS_OFF LIGHTMAP_OFF DIRLIGHTMAP_OFF DYNAMICLIGHTMAP_OFF pd= ok=1
Cmd: compileSnippet
  api=4 type=0 insize=6924 outsize=3663 kw=DIRECTIONAL SHADOWS_OFF LIGHTMAP_OFF DIRLIGHTMAP_OFF DYNAMICLIGHTMAP_OFF pd= ok=1
Cmd: compileSnippet
  api=4 type=1 insize=6924 outsize=1314 kw=DIRECTIONAL SHADOWS_OFF LIGHTMAP_OFF DIRLIGHTMAP_OFF DYNAMICLIGHTMAP_OFF pd= ok=1
Cmd: compileSnippet
  api=4 type=0 insize=3144 outsize=2322 kw=LEAP_FORMAT_IR USE_DEPTH_TEXTURE pd= ok=1
Cmd: compileSnippet
  api=4 type=1 insize=3144 outsize=1778 kw=LEAP_FORMAT_IR USE_DEPTH_TEXTURE pd= ok=1
Cmd: compileSnippet
  api=4 type=0 insize=3139 outsize=2322 kw=LEAP_FORMAT_IR USE_DEPTH_TEXTURE pd= ok=1
Cmd: compileSnippet
  api=4 type=1 insize=3139 outsize=4134 kw=LEAP_FORMAT_IR USE_DEPTH_TEXTURE pd= ok=1
Cmd: compileSnippet
  api=4 type=0 insize=1162 outsize=973 kw= pd= ok=1
Cmd: compileSnippet
  api=4 type=1 insize=1162 outsize=518 kw= pd= ok=1
